<?xml version="1.0" encoding="UTF-8"?>
<TestRun id="3430bee1-7a68-4d91-b1e1-fc1d6646ee37" name="Prem@PREM-PC 2014-07-21 12:00:30" runUser="Prem-PC\Prem" xmlns="http://microsoft.com/schemas/VisualStudio/TeamTest/2010">
  <TestSettings name="Local" id="703de9c8-b910-474a-9a8e-8ed25b1f0dbf">
    <Description>These are default test settings for a local test run.</Description>
    <Deployment enabled="false" runDeploymentRoot="Prem_PREM-PC 2014-07-21 12_00_30">
      <DeploymentItem filename="F:\SleekSurf\SleekSurf.Entity\bin\Debug\SleekSurf.Entity.dll" />
      <DeploymentItem filename="F:\SleekSurf\SleekSurf.FrameWork\bin\Debug\SleekSurf.FrameWork.dll" />
      <DeploymentItem filename="F:\SleekSurf\SleekSurf.Manager\bin\Debug\SleekSurf.Manager.dll" />
      <DeploymentItem filename="F:\SleekSurf\SleekSurf.DataAccess\bin\Debug\SleekSurf.DataAccess.dll" />
    </Deployment>
    <Execution>
      <TestTypeSpecific />
      <AgentRule name="Execution Agents">
      </AgentRule>
    </Execution>
  </TestSettings>
  <Times creation="2014-07-21T12:00:30.9161394+10:00" queuing="2014-07-21T12:00:32.2952183+10:00" start="2014-07-21T12:00:32.4092248+10:00" finish="2014-07-21T12:00:49.9282269+10:00" />
  <ResultSummary outcome="Failed">
    <Counters total="2" executed="2" error="0" failed="2" timeout="0" aborted="0" inconclusive="0" passedButRunAborted="0" notRunnable="0" notExecuted="0" disconnected="0" warning="0" passed="0" completed="0" inProgress="0" pending="0" />
  </ResultSummary>
  <TestDefinitions>
    <UnitTest name="InsertClientTest" storage="f:\sleeksurf\clientmanagertest\bin\debug\clientmanagertest.dll" id="e03c7bc3-9316-c48f-ec82-0695f07fa640">
      <Execution id="4c7f27d2-466d-4e91-a741-7ecdbfd3f71c" />
      <TestMethod codeBase="F:/SleekSurf/ClientManagerTest/bin/Debug/ClientManagerTest.DLL" adapterTypeName="Microsoft.VisualStudio.TestTools.TestTypes.Unit.UnitTestAdapter, Microsoft.VisualStudio.QualityTools.Tips.UnitTest.Adapter, Version=10.0.0.0, Culture=neutral, PublicKeyToken=b03f5f7f11d50a3a" className="ClientManagerTest.ClientManagerTest, ClientManagerTest, Version=1.0.0.0, Culture=neutral, PublicKeyToken=null" name="InsertClientTest" />
    </UnitTest>
    <UnitTest name="GetCategoriesTest" storage="f:\sleeksurf\clientmanagertest\bin\debug\clientmanagertest.dll" id="63c4ebde-e0d1-0fc6-0fe6-9938c9725f45">
      <Execution id="2f657740-4e15-430d-a2fc-beacc20a5044" />
      <TestMethod codeBase="F:/SleekSurf/ClientManagerTest/bin/Debug/ClientManagerTest.DLL" adapterTypeName="Microsoft.VisualStudio.TestTools.TestTypes.Unit.UnitTestAdapter, Microsoft.VisualStudio.QualityTools.Tips.UnitTest.Adapter, Version=10.0.0.0, Culture=neutral, PublicKeyToken=b03f5f7f11d50a3a" className="ClientManagerTest.ClientManagerTest, ClientManagerTest, Version=1.0.0.0, Culture=neutral, PublicKeyToken=null" name="GetCategoriesTest" />
    </UnitTest>
  </TestDefinitions>
  <TestLists>
    <TestList name="Results Not in a List" id="8c84fa94-04c1-424b-9868-57a2d4851a1d" />
    <TestList name="All Loaded Results" id="19431567-8539-422a-85d7-44ee4e166bda" />
  </TestLists>
  <TestEntries>
    <TestEntry testId="e03c7bc3-9316-c48f-ec82-0695f07fa640" executionId="4c7f27d2-466d-4e91-a741-7ecdbfd3f71c" testListId="8c84fa94-04c1-424b-9868-57a2d4851a1d" />
    <TestEntry testId="63c4ebde-e0d1-0fc6-0fe6-9938c9725f45" executionId="2f657740-4e15-430d-a2fc-beacc20a5044" testListId="8c84fa94-04c1-424b-9868-57a2d4851a1d" />
  </TestEntries>
  <Results>
    <UnitTestResult executionId="4c7f27d2-466d-4e91-a741-7ecdbfd3f71c" testId="e03c7bc3-9316-c48f-ec82-0695f07fa640" testName="InsertClientTest" computerName="PREM-PC" duration="00:00:14.7990419" startTime="2014-07-21T12:00:32.5382322+10:00" endTime="2014-07-21T12:00:48.7361587+10:00" testType="13cdc9d9-ddb5-4fa4-a97d-d965ccfc6d4b" outcome="Failed" testListId="8c84fa94-04c1-424b-9868-57a2d4851a1d" relativeResultsDirectory="4c7f27d2-466d-4e91-a741-7ecdbfd3f71c">
      <Output>
        <ErrorInfo>
          <Message>Test method ClientManagerTest.ClientManagerTest.InsertClientTest threw exception: 
System.NullReferenceException: Object reference not set to an instance of an object.</Message>
          <StackTrace>    at SleekSurf.FrameWork.BasePage.get_FullBaseUrl() in F:\SleekSurf\SleekSurf.FrameWork\BasePage.cs:line 37
   at SleekSurf.FrameWork.Helpers.LogError(Exception ex) in F:\SleekSurf\SleekSurf.FrameWork\Helpers.cs:line 300
   at SleekSurf.Manager.ClientManager.InsertClient(ClientDetails clientDetail) in F:\SleekSurf\SleekSurf.Manager\ClientManager.cs:line 51
   at ClientManagerTest.ClientManagerTest.InsertClientTest() in F:\SleekSurf\ClientManagerTest\ClientManagerTest.cs:line 78
</StackTrace>
        </ErrorInfo>
      </Output>
    </UnitTestResult>
    <UnitTestResult executionId="2f657740-4e15-430d-a2fc-beacc20a5044" testId="63c4ebde-e0d1-0fc6-0fe6-9938c9725f45" testName="GetCategoriesTest" computerName="PREM-PC" duration="00:00:00.9832773" startTime="2014-07-21T12:00:48.7611601+10:00" endTime="2014-07-21T12:00:49.8582229+10:00" testType="13cdc9d9-ddb5-4fa4-a97d-d965ccfc6d4b" outcome="Failed" testListId="8c84fa94-04c1-424b-9868-57a2d4851a1d" relativeResultsDirectory="2f657740-4e15-430d-a2fc-beacc20a5044">
      <Output>
        <ErrorInfo>
          <Message>Test method ClientManagerTest.ClientManagerTest.GetCategoriesTest threw exception: 
System.NullReferenceException: Object reference not set to an instance of an object.</Message>
          <StackTrace>    at SleekSurf.FrameWork.BasePage.get_FullBaseUrl() in F:\SleekSurf\SleekSurf.FrameWork\BasePage.cs:line 37
   at SleekSurf.FrameWork.Helpers.LogError(Exception ex) in F:\SleekSurf\SleekSurf.FrameWork\Helpers.cs:line 300
   at SleekSurf.Manager.ClientManager.GetCategories() in F:\SleekSurf\SleekSurf.Manager\ClientManager.cs:line 1367
   at ClientManagerTest.ClientManagerTest.GetCategoriesTest() in F:\SleekSurf\ClientManagerTest\ClientManagerTest.cs:line 91
</StackTrace>
        </ErrorInfo>
      </Output>
    </UnitTestResult>
  </Results>
</TestRun>