<?xml version="1.0" encoding="UTF-8"?>
<TestRun id="502c3e2d-3bb3-49ee-b3f3-9b4b991c2de0" name="Prem@PREM-PC 2014-08-30 16:11:54" runUser="Prem-PC\Prem" xmlns="http://microsoft.com/schemas/VisualStudio/TeamTest/2010">
  <TestSettings name="Local" id="703de9c8-b910-474a-9a8e-8ed25b1f0dbf">
    <Description>These are default test settings for a local test run.</Description>
    <Deployment enabled="false" runDeploymentRoot="Prem_PREM-PC 2014-08-30 16_11_54">
      <DeploymentItem filename="F:\SleekSurf\SleekSurf.Entity\bin\Debug\SleekSurf.Entity.dll" />
      <DeploymentItem filename="F:\SleekSurf\SleekSurf.DataAccess\bin\Debug\SleekSurf.DataAccess.dll" />
      <DeploymentItem filename="F:\SleekSurf\SleekSurf.FrameWork\bin\Debug\SleekSurf.FrameWork.dll" />
      <DeploymentItem filename="F:\SleekSurf\SleekSurf.Manager\bin\Debug\SleekSurf.Manager.dll" />
    </Deployment>
    <Execution>
      <TestTypeSpecific />
      <AgentRule name="Execution Agents">
      </AgentRule>
    </Execution>
  </TestSettings>
  <Times creation="2014-08-30T16:11:54.5329114+10:00" queuing="2014-08-30T16:11:55.6939778+10:00" start="2014-08-30T16:11:55.7749824+10:00" finish="2014-08-30T16:14:33.3659961+10:00" />
  <ResultSummary outcome="Error">
    <Counters total="2" executed="1" error="0" failed="0" timeout="0" aborted="1" inconclusive="0" passedButRunAborted="0" notRunnable="0" notExecuted="1" disconnected="0" warning="0" passed="0" completed="0" inProgress="0" pending="0" />
    <RunInfos>
      <RunInfo computerName="PREM-PC" outcome="Error" timestamp="2014-08-30T16:14:33.3659961+10:00">
        <Text>Test host process exited unexpectedly.</Text>
      </RunInfo>
    </RunInfos>
  </ResultSummary>
  <TestDefinitions>
    <UnitTest name="InsertClientTest" storage="f:\sleeksurf\clientmanagertest\bin\debug\clientmanagertest.dll" id="e03c7bc3-9316-c48f-ec82-0695f07fa640">
      <Execution id="efd157c7-8534-4a3b-a222-78b584d3f076" />
      <TestMethod codeBase="F:/SleekSurf/ClientManagerTest/bin/Debug/ClientManagerTest.DLL" adapterTypeName="Microsoft.VisualStudio.TestTools.TestTypes.Unit.UnitTestAdapter, Microsoft.VisualStudio.QualityTools.Tips.UnitTest.Adapter, Version=10.0.0.0, Culture=neutral, PublicKeyToken=b03f5f7f11d50a3a" className="ClientManagerTest.ClientManagerTest, ClientManagerTest, Version=1.0.0.0, Culture=neutral, PublicKeyToken=null" name="InsertClientTest" />
    </UnitTest>
    <UnitTest name="GetCategoriesTest" storage="f:\sleeksurf\clientmanagertest\bin\debug\clientmanagertest.dll" id="63c4ebde-e0d1-0fc6-0fe6-9938c9725f45">
      <Execution id="0d82f3bc-062c-486a-8a02-819376a276eb" />
      <TestMethod codeBase="F:/SleekSurf/ClientManagerTest/bin/Debug/ClientManagerTest.DLL" adapterTypeName="Microsoft.VisualStudio.TestTools.TestTypes.Unit.UnitTestAdapter, Microsoft.VisualStudio.QualityTools.Tips.UnitTest.Adapter, Version=10.0.0.0, Culture=neutral, PublicKeyToken=b03f5f7f11d50a3a" className="ClientManagerTest.ClientManagerTest, ClientManagerTest, Version=1.0.0.0, Culture=neutral, PublicKeyToken=null" name="GetCategoriesTest" />
    </UnitTest>
  </TestDefinitions>
  <TestLists>
    <TestList name="Results Not in a List" id="8c84fa94-04c1-424b-9868-57a2d4851a1d" />
    <TestList name="All Loaded Results" id="19431567-8539-422a-85d7-44ee4e166bda" />
  </TestLists>
  <TestEntries>
    <TestEntry testId="e03c7bc3-9316-c48f-ec82-0695f07fa640" executionId="efd157c7-8534-4a3b-a222-78b584d3f076" testListId="8c84fa94-04c1-424b-9868-57a2d4851a1d" />
    <TestEntry testId="63c4ebde-e0d1-0fc6-0fe6-9938c9725f45" executionId="0d82f3bc-062c-486a-8a02-819376a276eb" testListId="8c84fa94-04c1-424b-9868-57a2d4851a1d" />
  </TestEntries>
  <Results>
    <UnitTestResult executionId="efd157c7-8534-4a3b-a222-78b584d3f076" testId="e03c7bc3-9316-c48f-ec82-0695f07fa640" testName="InsertClientTest" computerName="PREM-PC" duration="00:02:37.5090090" startTime="2014-08-30T16:11:55.8569871+10:00" endTime="2014-08-30T16:14:33.3659961+10:00" testType="13cdc9d9-ddb5-4fa4-a97d-d965ccfc6d4b" outcome="Aborted" testListId="8c84fa94-04c1-424b-9868-57a2d4851a1d" relativeResultsDirectory="efd157c7-8534-4a3b-a222-78b584d3f076">
    </UnitTestResult>
    <UnitTestResult executionId="0d82f3bc-062c-486a-8a02-819376a276eb" testId="63c4ebde-e0d1-0fc6-0fe6-9938c9725f45" testName="GetCategoriesTest" computerName="PREM-PC" testType="13cdc9d9-ddb5-4fa4-a97d-d965ccfc6d4b" outcome="NotExecuted" testListId="8c84fa94-04c1-424b-9868-57a2d4851a1d" relativeResultsDirectory="0d82f3bc-062c-486a-8a02-819376a276eb">
    </UnitTestResult>
  </Results>
</TestRun>