<?xml version="1.0" encoding="UTF-8"?>
<TestRun id="89bfad09-e0da-4e1d-9835-37157063a5e1" name="Prem@PREM-PC 2014-07-21 11:58:35" runUser="Prem-PC\Prem" xmlns="http://microsoft.com/schemas/VisualStudio/TeamTest/2010">
  <TestSettings name="Local" id="703de9c8-b910-474a-9a8e-8ed25b1f0dbf">
    <Description>These are default test settings for a local test run.</Description>
    <Deployment userDeploymentRoot="F:\SleekSurf\TestResults" useDefaultDeploymentRoot="false" enabled="false" runDeploymentRoot="Prem_PREM-PC 2014-07-21 11_58_35">
      <DeploymentItem filename="F:\SleekSurf\SleekSurf.Entity\bin\Debug\SleekSurf.Entity.dll" />
      <DeploymentItem filename="F:\SleekSurf\SleekSurf.FrameWork\bin\Debug\SleekSurf.FrameWork.dll" />
      <DeploymentItem filename="F:\SleekSurf\SleekSurf.Manager\bin\Debug\SleekSurf.Manager.dll" />
      <DeploymentItem filename="F:\SleekSurf\SleekSurf.DataAccess\bin\Debug\SleekSurf.DataAccess.dll" />
    </Deployment>
    <Execution>
      <TestTypeSpecific />
      <AgentRule name="Execution Agents">
      </AgentRule>
    </Execution>
  </TestSettings>
  <Times creation="2014-07-21T11:58:35.4305340+10:00" queuing="2014-07-21T11:58:36.5165962+10:00" start="2014-07-21T11:58:36.6016010+10:00" finish="2014-07-21T11:59:20.0070837+10:00" />
  <ResultSummary outcome="Failed">
    <Counters total="4" executed="4" error="0" failed="4" timeout="0" aborted="0" inconclusive="0" passedButRunAborted="0" notRunnable="0" notExecuted="0" disconnected="0" warning="0" passed="0" completed="0" inProgress="0" pending="0" />
  </ResultSummary>
  <TestDefinitions>
    <UnitTest name="InsertClientTest" storage="f:\sleeksurf\clientmanagertest\bin\debug\clientmanagertest.dll" id="e03c7bc3-9316-c48f-ec82-0695f07fa640">
      <Execution id="48aa97c3-0309-4257-84e9-ed1bc26c9e93" />
      <TestMethod codeBase="F:/SleekSurf/ClientManagerTest/bin/Debug/ClientManagerTest.DLL" adapterTypeName="Microsoft.VisualStudio.TestTools.TestTypes.Unit.UnitTestAdapter, Microsoft.VisualStudio.QualityTools.Tips.UnitTest.Adapter, Version=10.0.0.0, Culture=neutral, PublicKeyToken=b03f5f7f11d50a3a" className="ClientManagerTest.ClientManagerTest, ClientManagerTest, Version=1.0.0.0, Culture=neutral, PublicKeyToken=null" name="InsertClientTest" />
    </UnitTest>
    <UnitTest name="HostIpToLocationTest" storage="f:\sleeksurf\clientmanagertest\bin\debug\clientmanagertest.dll" id="9124e6ff-6d08-3767-6305-282a9f4b26c8">
      <Execution id="62ce1fca-29ad-45d2-b113-665c0c8f196f" />
      <TestMethod codeBase="F:/SleekSurf/ClientManagerTest/bin/Debug/ClientManagerTest.DLL" adapterTypeName="Microsoft.VisualStudio.TestTools.TestTypes.Unit.UnitTestAdapter, Microsoft.VisualStudio.QualityTools.Tips.UnitTest.Adapter, Version=10.0.0.0, Culture=neutral, PublicKeyToken=b03f5f7f11d50a3a" className="ClientManagerTest.ClientManagerTest, ClientManagerTest, Version=1.0.0.0, Culture=neutral, PublicKeyToken=null" name="HostIpToLocationTest" />
    </UnitTest>
    <UnitTest name="GetCategoriesTest" storage="f:\sleeksurf\clientmanagertest\bin\debug\clientmanagertest.dll" id="63c4ebde-e0d1-0fc6-0fe6-9938c9725f45">
      <Execution id="3f7817a7-1288-4d82-bba1-8d680b67cf9f" />
      <TestMethod codeBase="F:/SleekSurf/ClientManagerTest/bin/Debug/ClientManagerTest.DLL" adapterTypeName="Microsoft.VisualStudio.TestTools.TestTypes.Unit.UnitTestAdapter, Microsoft.VisualStudio.QualityTools.Tips.UnitTest.Adapter, Version=10.0.0.0, Culture=neutral, PublicKeyToken=b03f5f7f11d50a3a" className="ClientManagerTest.ClientManagerTest, ClientManagerTest, Version=1.0.0.0, Culture=neutral, PublicKeyToken=null" name="GetCategoriesTest" />
    </UnitTest>
    <UnitTest name="UnPublishClientTest" storage="f:\sleeksurf\clientmanagertest\bin\debug\clientmanagertest.dll" id="511b04e6-2681-2853-1d07-b77d14bf7c18">
      <Execution id="c8b549e7-74bc-4f57-8286-c4e1677e868e" />
      <TestMethod codeBase="F:/SleekSurf/ClientManagerTest/bin/Debug/ClientManagerTest.DLL" adapterTypeName="Microsoft.VisualStudio.TestTools.TestTypes.Unit.UnitTestAdapter, Microsoft.VisualStudio.QualityTools.Tips.UnitTest.Adapter, Version=10.0.0.0, Culture=neutral, PublicKeyToken=b03f5f7f11d50a3a" className="ClientManagerTest.ClientManagerTest, ClientManagerTest, Version=1.0.0.0, Culture=neutral, PublicKeyToken=null" name="UnPublishClientTest" />
    </UnitTest>
  </TestDefinitions>
  <TestLists>
    <TestList name="Results Not in a List" id="8c84fa94-04c1-424b-9868-57a2d4851a1d" />
    <TestList name="All Loaded Results" id="19431567-8539-422a-85d7-44ee4e166bda" />
  </TestLists>
  <TestEntries>
    <TestEntry testId="e03c7bc3-9316-c48f-ec82-0695f07fa640" executionId="48aa97c3-0309-4257-84e9-ed1bc26c9e93" testListId="8c84fa94-04c1-424b-9868-57a2d4851a1d" />
    <TestEntry testId="9124e6ff-6d08-3767-6305-282a9f4b26c8" executionId="62ce1fca-29ad-45d2-b113-665c0c8f196f" testListId="8c84fa94-04c1-424b-9868-57a2d4851a1d" />
    <TestEntry testId="511b04e6-2681-2853-1d07-b77d14bf7c18" executionId="c8b549e7-74bc-4f57-8286-c4e1677e868e" testListId="8c84fa94-04c1-424b-9868-57a2d4851a1d" />
    <TestEntry testId="63c4ebde-e0d1-0fc6-0fe6-9938c9725f45" executionId="3f7817a7-1288-4d82-bba1-8d680b67cf9f" testListId="8c84fa94-04c1-424b-9868-57a2d4851a1d" />
  </TestEntries>
  <Results>
    <UnitTestResult executionId="48aa97c3-0309-4257-84e9-ed1bc26c9e93" testId="e03c7bc3-9316-c48f-ec82-0695f07fa640" testName="InsertClientTest" computerName="PREM-PC" duration="00:00:31.2948233" startTime="2014-07-21T11:58:36.6896061+10:00" endTime="2014-07-21T11:59:09.2514685+10:00" testType="13cdc9d9-ddb5-4fa4-a97d-d965ccfc6d4b" outcome="Failed" testListId="8c84fa94-04c1-424b-9868-57a2d4851a1d" relativeResultsDirectory="48aa97c3-0309-4257-84e9-ed1bc26c9e93">
      <Output>
        <ErrorInfo>
          <Message>Test method ClientManagerTest.ClientManagerTest.InsertClientTest threw exception: 
System.NullReferenceException: Object reference not set to an instance of an object.</Message>
          <StackTrace>    at SleekSurf.FrameWork.BasePage.get_BaseUrl() in F:\SleekSurf\SleekSurf.FrameWork\BasePage.cs:line 25
</StackTrace>
        </ErrorInfo>
      </Output>
    </UnitTestResult>
    <UnitTestResult executionId="62ce1fca-29ad-45d2-b113-665c0c8f196f" testId="9124e6ff-6d08-3767-6305-282a9f4b26c8" testName="HostIpToLocationTest" computerName="PREM-PC" duration="00:00:07.1383755" startTime="2014-07-21T11:59:09.2724697+10:00" endTime="2014-07-21T11:59:16.4168783+10:00" testType="13cdc9d9-ddb5-4fa4-a97d-d965ccfc6d4b" outcome="Failed" testListId="8c84fa94-04c1-424b-9868-57a2d4851a1d" relativeResultsDirectory="62ce1fca-29ad-45d2-b113-665c0c8f196f">
      <Output>
        <ErrorInfo>
          <Message>Test method ClientManagerTest.ClientManagerTest.HostIpToLocationTest threw exception: 
System.InvalidOperationException: The key 'GeoLocationAPIKey' does not exist in the appSettings configuration section.</Message>
          <StackTrace>    at System.Configuration.AppSettingsReader.GetValue(String key, Type type)
   at SleekSurf.FrameWork.Configuration.GetConfigurationSetting(String key, Type expectedType) in F:\SleekSurf\SleekSurf.FrameWork\Configuration.cs:line 14
   at SleekSurf.Manager.ClientManager.HostIpToLocation(String ip) in F:\SleekSurf\SleekSurf.Manager\ClientManager.cs:line 1295
   at ClientManagerTest.ClientManagerTest.HostIpToLocationTest() in F:\SleekSurf\ClientManagerTest\ClientManagerTest.cs:line 105
</StackTrace>
        </ErrorInfo>
      </Output>
    </UnitTestResult>
    <UnitTestResult executionId="c8b549e7-74bc-4f57-8286-c4e1677e868e" testId="511b04e6-2681-2853-1d07-b77d14bf7c18" testName="UnPublishClientTest" computerName="PREM-PC" duration="00:00:02.1755765" startTime="2014-07-21T11:59:16.4358794+10:00" endTime="2014-07-21T11:59:18.6170042+10:00" testType="13cdc9d9-ddb5-4fa4-a97d-d965ccfc6d4b" outcome="Failed" testListId="8c84fa94-04c1-424b-9868-57a2d4851a1d" relativeResultsDirectory="c8b549e7-74bc-4f57-8286-c4e1677e868e">
      <Output>
        <ErrorInfo>
          <Message>Test method ClientManagerTest.ClientManagerTest.UnPublishClientTest threw exception: 
System.NullReferenceException: Object reference not set to an instance of an object.</Message>
          <StackTrace>    at SleekSurf.FrameWork.BasePage.get_FullBaseUrl() in F:\SleekSurf\SleekSurf.FrameWork\BasePage.cs:line 37
   at SleekSurf.FrameWork.Helpers.LogError(Exception ex) in F:\SleekSurf\SleekSurf.FrameWork\Helpers.cs:line 300
   at SleekSurf.Manager.ClientManager.UnPublishClient(String clientID, String comment) in F:\SleekSurf\SleekSurf.Manager\ClientManager.cs:line 135
   at ClientManagerTest.ClientManagerTest.UnPublishClientTest() in F:\SleekSurf\ClientManagerTest\ClientManagerTest.cs:line 120
</StackTrace>
        </ErrorInfo>
      </Output>
    </UnitTestResult>
    <UnitTestResult executionId="3f7817a7-1288-4d82-bba1-8d680b67cf9f" testId="63c4ebde-e0d1-0fc6-0fe6-9938c9725f45" testName="GetCategoriesTest" computerName="PREM-PC" duration="00:00:01.2287734" startTime="2014-07-21T11:59:18.6380054+10:00" endTime="2014-07-21T11:59:19.8710759+10:00" testType="13cdc9d9-ddb5-4fa4-a97d-d965ccfc6d4b" outcome="Failed" testListId="8c84fa94-04c1-424b-9868-57a2d4851a1d" relativeResultsDirectory="3f7817a7-1288-4d82-bba1-8d680b67cf9f">
      <Output>
        <ErrorInfo>
          <Message>Test method ClientManagerTest.ClientManagerTest.GetCategoriesTest threw exception: 
System.NullReferenceException: Object reference not set to an instance of an object.</Message>
          <StackTrace>    at SleekSurf.FrameWork.BasePage.get_FullBaseUrl() in F:\SleekSurf\SleekSurf.FrameWork\BasePage.cs:line 37
   at SleekSurf.FrameWork.Helpers.LogError(Exception ex) in F:\SleekSurf\SleekSurf.FrameWork\Helpers.cs:line 300
   at SleekSurf.Manager.ClientManager.GetCategories() in F:\SleekSurf\SleekSurf.Manager\ClientManager.cs:line 1367
   at ClientManagerTest.ClientManagerTest.GetCategoriesTest() in F:\SleekSurf\ClientManagerTest\ClientManagerTest.cs:line 91
</StackTrace>
        </ErrorInfo>
      </Output>
    </UnitTestResult>
  </Results>
</TestRun>